<?xml version="1.0" encoding="UTF-8"?>
<!-- Generated by org.testng.reporters.JUnitReportReporter -->
<testsuite hostname="RahulAitipamula" name="test.Test99GuruLogin" tests="1" failures="0" timestamp="19 Nov 2018 07:46:59 GMT" time="8.383" errors="0">
  <testcase name="test_Home_Page_Appear_Correct" time="8.383" classname="test.Test99GuruLogin"/>
</testsuite> <!-- test.Test99GuruLogin -->
